# JRE version: OpenJDK Runtime Environment Temurin-17.0.3+7 (17.0.3+7) (build 17.0.3+7)
# Java VM: OpenJDK 64-Bit Server VM Temurin-17.0.3+7 (17.0.3+7, mixed mode, sharing, tiered, compressed oops, compressed class ptrs, parallel gc, linux-amd64)
GC Precious Log:
 CPUs: 2 total, 2 available
 Memory: 1536M
 Large Page Support: Disabled
 NUMA Support: Disabled
 Compressed Oops: Enabled (32-bit)
 Alignments: Space 512K, Generation 512K, Heap 2M
 Heap Min Capacity: 100M
 Heap Initial Capacity: 100M
 Heap Max Capacity: 1G
 Pre-touch: Disabled
 Parallel Workers: 2
Heap:
 PSYoungGen      total 96256K, used 0K [0x00000000eab00000, 0x00000000f3d00000, 0x0000000100000000)
  eden space 49152K, 0% used [0x00000000eab00000,0x00000000eab00000,0x00000000edb00000)
  from space 47104K, 0% used [0x00000000f0f00000,0x00000000f0f00000,0x00000000f3d00000)
  to   space 9728K, 0% used [0x00000000edb00000,0x00000000edb00000,0x00000000ee480000)
 ParOldGen       total 354304K, used 342370K [0x00000000c0000000, 0x00000000d5a00000, 0x00000000eab00000)
  object space 354304K, 96% used [0x00000000c0000000,0x00000000d4e58b90,0x00000000d5a00000)
 Metaspace       used 71627K, committed 73024K, reserved 1114112K
  class space    used 7378K, committed 8000K, reserved 1048576K
GC Heap History (20 events):
Event: 551.306 GC heap after
{Heap after GC invocations=277 (full 12):
 PSYoungGen      total 29184K, used 3648K [0x00000000eab00000, 0x00000000ed780000, 0x0000000100000000)
  eden space 25088K, 0% used [0x00000000eab00000,0x00000000eab00000,0x00000000ec380000)
  from space 4096K, 89% used [0x00000000ed380000,0x00000000ed710000,0x00000000ed780000)
  to   space 6656K, 0% used [0x00000000eca80000,0x00000000eca80000,0x00000000ed100000)
 ParOldGen       total 354304K, used 267038K [0x00000000c0000000, 0x00000000d5a00000, 0x00000000eab00000)
  object space 354304K, 75% used [0x00000000c0000000,0x00000000d04c7950,0x00000000d5a00000)
 Metaspace       used 71626K, committed 73024K, reserved 1114112K
  class space    used 7378K, committed 8000K, reserved 1048576K
}
Event: 551.418 GC heap before
{Heap before GC invocations=278 (full 12):
 PSYoungGen      total 29184K, used 28736K [0x00000000eab00000, 0x00000000ed780000, 0x0000000100000000)
  eden space 25088K, 100% used [0x00000000eab00000,0x00000000ec380000,0x00000000ec380000)
  from space 4096K, 89% used [0x00000000ed380000,0x00000000ed710000,0x00000000ed780000)
  to   space 6656K, 0% used [0x00000000eca80000,0x00000000eca80000,0x00000000ed100000)
 ParOldGen       total 354304K, used 267038K [0x00000000c0000000, 0x00000000d5a00000, 0x00000000eab00000)
  object space 354304K, 75% used [0x00000000c0000000,0x00000000d04c7950,0x00000000d5a00000)
 Metaspace       used 71626K, committed 73024K, reserved 1114112K
  class space    used 7378K, committed 8000K, reserved 1048576K
}
Event: 551.431 GC heap after
{Heap after GC invocations=278 (full 12):
 PSYoungGen      total 29184K, used 3648K [0x00000000eab00000, 0x00000000ed400000, 0x0000000100000000)
  eden space 25088K, 0% used [0x00000000eab00000,0x00000000eab00000,0x00000000ec380000)
  from space 4096K, 89% used [0x00000000eca80000,0x00000000ece10000,0x00000000ece80000)
  to   space 4608K, 0% used [0x00000000ecf80000,0x00000000ecf80000,0x00000000ed400000)
 ParOldGen       total 354304K, used 270697K [0x00000000c0000000, 0x00000000d5a00000, 0x00000000eab00000)
  object space 354304K, 76% used [0x00000000c0000000,0x00000000d085a578,0x00000000d5a00000)
 Metaspace       used 71626K, committed 73024K, reserved 1114112K
  class space    used 7378K, committed 8000K, reserved 1048576K
}
Event: 551.526 GC heap before
{Heap before GC invocations=279 (full 12):
 PSYoungGen      total 29184K, used 28736K [0x00000000eab00000, 0x00000000ed400000, 0x0000000100000000)
  eden space 25088K, 100% used [0x00000000eab00000,0x00000000ec380000,0x00000000ec380000)
  from space 4096K, 89% used [0x00000000eca80000,0x00000000ece10000,0x00000000ece80000)
  to   space 4608K, 0% used [0x00000000ecf80000,0x00000000ecf80000,0x00000000ed400000)
 ParOldGen       total 354304K, used 270697K [0x00000000c0000000, 0x00000000d5a00000, 0x00000000eab00000)
  object space 354304K, 76% used [0x00000000c0000000,0x00000000d085a578,0x00000000d5a00000)
 Metaspace       used 71626K, committed 73024K, reserved 1114112K
  class space    used 7378K, committed 8000K, reserved 1048576K
}
Event: 551.559 GC heap after
{Heap after GC invocations=279 (full 12):
 PSYoungGen      total 32768K, used 4064K [0x00000000eab00000, 0x00000000ed380000, 0x0000000100000000)
  eden space 28672K, 0% used [0x00000000eab00000,0x00000000eab00000,0x00000000ec700000)
  from space 4096K, 99% used [0x00000000ecf80000,0x00000000ed378000,0x00000000ed380000)
  to   space 4608K, 0% used [0x00000000eca80000,0x00000000eca80000,0x00000000ecf00000)
 ParOldGen       total 354304K, used 274338K [0x00000000c0000000, 0x00000000d5a00000, 0x00000000eab00000)
  object space 354304K, 77% used [0x00000000c0000000,0x00000000d0be8988,0x00000000d5a00000)
 Metaspace       used 71626K, committed 73024K, reserved 1114112K
  class space    used 7378K, committed 8000K, reserved 1048576K
}
Event: 551.674 GC heap before
{Heap before GC invocations=280 (full 12):
 PSYoungGen      total 32768K, used 32736K [0x00000000eab00000, 0x00000000ed380000, 0x0000000100000000)
  eden space 28672K, 100% used [0x00000000eab00000,0x00000000ec700000,0x00000000ec700000)
  from space 4096K, 99% used [0x00000000ecf80000,0x00000000ed378000,0x00000000ed380000)
  to   space 4608K, 0% used [0x00000000eca80000,0x00000000eca80000,0x00000000ecf00000)
 ParOldGen       total 354304K, used 274338K [0x00000000c0000000, 0x00000000d5a00000, 0x00000000eab00000)
  object space 354304K, 77% used [0x00000000c0000000,0x00000000d0be8988,0x00000000d5a00000)
 Metaspace       used 71626K, committed 73024K, reserved 1114112K
  class space    used 7378K, committed 8000K, reserved 1048576K
}
Event: 551.690 GC heap after
{Heap after GC invocations=280 (full 12):
 PSYoungGen      total 36864K, used 4592K [0x00000000eab00000, 0x00000000ede00000, 0x0000000100000000)
  eden space 32256K, 0% used [0x00000000eab00000,0x00000000eab00000,0x00000000eca80000)
  from space 4608K, 99% used [0x00000000eca80000,0x00000000ecefc010,0x00000000ecf00000)
  to   space 9728K, 0% used [0x00000000ed480000,0x00000000ed480000,0x00000000ede00000)
 ParOldGen       total 354304K, used 278506K [0x00000000c0000000, 0x00000000d5a00000, 0x00000000eab00000)
  object space 354304K, 78% used [0x00000000c0000000,0x00000000d0ffa988,0x00000000d5a00000)
 Metaspace       used 71626K, committed 73024K, reserved 1114112K
  class space    used 7378K, committed 8000K, reserved 1048576K
}
Event: 551.823 GC heap before
{Heap before GC invocations=281 (full 12):
 PSYoungGen      total 36864K, used 36848K [0x00000000eab00000, 0x00000000ede00000, 0x0000000100000000)
  eden space 32256K, 100% used [0x00000000eab00000,0x00000000eca80000,0x00000000eca80000)
  from space 4608K, 99% used [0x00000000eca80000,0x00000000ecefc010,0x00000000ecf00000)
  to   space 9728K, 0% used [0x00000000ed480000,0x00000000ed480000,0x00000000ede00000)
 ParOldGen       total 354304K, used 278506K [0x00000000c0000000, 0x00000000d5a00000, 0x00000000eab00000)
  object space 354304K, 78% used [0x00000000c0000000,0x00000000d0ffa988,0x00000000d5a00000)
 Metaspace       used 71626K, committed 73024K, reserved 1114112K
  class space    used 7378K, committed 8000K, reserved 1048576K
}
Event: 551.876 GC heap after
{Heap after GC invocations=281 (full 12):
 PSYoungGen      total 43520K, used 4896K [0x00000000eab00000, 0x00000000edc00000, 0x0000000100000000)
  eden space 35840K, 0% used [0x00000000eab00000,0x00000000eab00000,0x00000000ece00000)
  from space 7680K, 63% used [0x00000000ed480000,0x00000000ed948000,0x00000000edc00000)
  to   space 6656K, 0% used [0x00000000ece00000,0x00000000ece00000,0x00000000ed480000)
 ParOldGen       total 354304K, used 283110K [0x00000000c0000000, 0x00000000d5a00000, 0x00000000eab00000)
  object space 354304K, 79% used [0x00000000c0000000,0x00000000d1479ba0,0x00000000d5a00000)
 Metaspace       used 71626K, committed 73024K, reserved 1114112K
  class space    used 7378K, committed 8000K, reserved 1048576K
}
Event: 552.064 GC heap before
{Heap before GC invocations=282 (full 12):
 PSYoungGen      total 43520K, used 40736K [0x00000000eab00000, 0x00000000edc00000, 0x0000000100000000)
  eden space 35840K, 100% used [0x00000000eab00000,0x00000000ece00000,0x00000000ece00000)
  from space 7680K, 63% used [0x00000000ed480000,0x00000000ed948000,0x00000000edc00000)
  to   space 6656K, 0% used [0x00000000ece00000,0x00000000ece00000,0x00000000ed480000)
 ParOldGen       total 354304K, used 283110K [0x00000000c0000000, 0x00000000d5a00000, 0x00000000eab00000)
  object space 354304K, 79% used [0x00000000c0000000,0x00000000d1479ba0,0x00000000d5a00000)
 Metaspace       used 71626K, committed 73024K, reserved 1114112K
  class space    used 7378K, committed 8000K, reserved 1048576K
}
Event: 552.106 GC heap after
{Heap after GC invocations=282 (full 12):
 PSYoungGen      total 42496K, used 5696K [0x00000000eab00000, 0x00000000edf00000, 0x0000000100000000)
  eden space 35840K, 0% used [0x00000000eab00000,0x00000000eab00000,0x00000000ece00000)
  from space 6656K, 85% used [0x00000000ece00000,0x00000000ed390000,0x00000000ed480000)
  to   space 6144K, 0% used [0x00000000ed900000,0x00000000ed900000,0x00000000edf00000)
 ParOldGen       total 354304K, used 288038K [0x00000000c0000000, 0x00000000d5a00000, 0x00000000eab00000)
  object space 354304K, 81% used [0x00000000c0000000,0x00000000d1949ba0,0x00000000d5a00000)
 Metaspace       used 71626K, committed 73024K, reserved 1114112K
  class space    used 7378K, committed 8000K, reserved 1048576K
}
Event: 552.278 GC heap before
{Heap before GC invocations=283 (full 12):
 PSYoungGen      total 42496K, used 41536K [0x00000000eab00000, 0x00000000edf00000, 0x0000000100000000)
  eden space 35840K, 100% used [0x00000000eab00000,0x00000000ece00000,0x00000000ece00000)
  from space 6656K, 85% used [0x00000000ece00000,0x00000000ed390000,0x00000000ed480000)
  to   space 6144K, 0% used [0x00000000ed900000,0x00000000ed900000,0x00000000edf00000)
 ParOldGen       total 354304K, used 288038K [0x00000000c0000000, 0x00000000d5a00000, 0x00000000eab00000)
  object space 354304K, 81% used [0x00000000c0000000,0x00000000d1949ba0,0x00000000d5a00000)
 Metaspace       used 71626K, committed 73024K, reserved 1114112K
  class space    used 7378K, committed 8000K, reserved 1048576K
}
Event: 552.315 GC heap after
{Heap after GC invocations=283 (full 12):
 PSYoungGen      total 46592K, used 5472K [0x00000000eab00000, 0x00000000ede80000, 0x0000000100000000)
  eden space 40960K, 0% used [0x00000000eab00000,0x00000000eab00000,0x00000000ed300000)
  from space 5632K, 97% used [0x00000000ed900000,0x00000000ede58000,0x00000000ede80000)
  to   space 5632K, 0% used [0x00000000ed380000,0x00000000ed380000,0x00000000ed900000)
 ParOldGen       total 354304K, used 293574K [0x00000000c0000000, 0x00000000d5a00000, 0x00000000eab00000)
  object space 354304K, 82% used [0x00000000c0000000,0x00000000d1eb1ba0,0x00000000d5a00000)
 Metaspace       used 71626K, committed 73024K, reserved 1114112K
  class space    used 7378K, committed 8000K, reserved 1048576K
}
Event: 552.448 GC heap before
{Heap before GC invocations=284 (full 12):
 PSYoungGen      total 46592K, used 46432K [0x00000000eab00000, 0x00000000ede80000, 0x0000000100000000)
  eden space 40960K, 100% used [0x00000000eab00000,0x00000000ed300000,0x00000000ed300000)
  from space 5632K, 97% used [0x00000000ed900000,0x00000000ede58000,0x00000000ede80000)
  to   space 5632K, 0% used [0x00000000ed380000,0x00000000ed380000,0x00000000ed900000)
 ParOldGen       total 354304K, used 293574K [0x00000000c0000000, 0x00000000d5a00000, 0x00000000eab00000)
  object space 354304K, 82% used [0x00000000c0000000,0x00000000d1eb1ba0,0x00000000d5a00000)
 Metaspace       used 71627K, committed 73024K, reserved 1114112K
  class space    used 7378K, committed 8000K, reserved 1048576K
}
Event: 552.487 GC heap after
{Heap after GC invocations=284 (full 12):
 PSYoungGen      total 47104K, used 5632K [0x00000000eab00000, 0x00000000ef200000, 0x0000000100000000)
  eden space 41472K, 0% used [0x00000000eab00000,0x00000000eab00000,0x00000000ed380000)
  from space 5632K, 100% used [0x00000000ed380000,0x00000000ed900000,0x00000000ed900000)
  to   space 12800K, 0% used [0x00000000ee580000,0x00000000ee580000,0x00000000ef200000)
 ParOldGen       total 354304K, used 299671K [0x00000000c0000000, 0x00000000d5a00000, 0x00000000eab00000)
  object space 354304K, 84% used [0x00000000c0000000,0x00000000d24a5fb0,0x00000000d5a00000)
 Metaspace       used 71627K, committed 73024K, reserved 1114112K
  class space    used 7378K, committed 8000K, reserved 1048576K
}
Event: 552.772 GC heap before
{Heap before GC invocations=285 (full 12):
 PSYoungGen      total 47104K, used 47104K [0x00000000eab00000, 0x00000000ef200000, 0x0000000100000000)
  eden space 41472K, 100% used [0x00000000eab00000,0x00000000ed380000,0x00000000ed380000)
  from space 5632K, 100% used [0x00000000ed380000,0x00000000ed900000,0x00000000ed900000)
  to   space 12800K, 0% used [0x00000000ee580000,0x00000000ee580000,0x00000000ef200000)
 ParOldGen       total 354304K, used 299671K [0x00000000c0000000, 0x00000000d5a00000, 0x00000000eab00000)
  object space 354304K, 84% used [0x00000000c0000000,0x00000000d24a5fb0,0x00000000d5a00000)
 Metaspace       used 71627K, committed 73024K, reserved 1114112K
  class space    used 7378K, committed 8000K, reserved 1048576K
}
Event: 552.862 GC heap after
{Heap after GC invocations=285 (full 12):
 PSYoungGen      total 56832K, used 8539K [0x00000000eab00000, 0x00000000eee00000, 0x0000000100000000)
  eden space 48128K, 0% used [0x00000000eab00000,0x00000000eab00000,0x00000000eda00000)
  from space 8704K, 98% used [0x00000000ee580000,0x00000000eedd6c10,0x00000000eee00000)
  to   space 9728K, 0% used [0x00000000edb00000,0x00000000edb00000,0x00000000ee480000)
 ParOldGen       total 354304K, used 305364K [0x00000000c0000000, 0x00000000d5a00000, 0x00000000eab00000)
  object space 354304K, 86% used [0x00000000c0000000,0x00000000d2a351b8,0x00000000d5a00000)
 Metaspace       used 71627K, committed 73024K, reserved 1114112K
  class space    used 7378K, committed 8000K, reserved 1048576K
}
Event: 553.778 GC heap before
{Heap before GC invocations=286 (full 12):
 PSYoungGen      total 56832K, used 56632K [0x00000000eab00000, 0x00000000eee00000, 0x0000000100000000)
  eden space 48128K, 99% used [0x00000000eab00000,0x00000000ed9f7788,0x00000000eda00000)
  from space 8704K, 98% used [0x00000000ee580000,0x00000000eedd6c10,0x00000000eee00000)
  to   space 9728K, 0% used [0x00000000edb00000,0x00000000edb00000,0x00000000ee480000)
 ParOldGen       total 354304K, used 305364K [0x00000000c0000000, 0x00000000d5a00000, 0x00000000eab00000)
  object space 354304K, 86% used [0x00000000c0000000,0x00000000d2a351b8,0x00000000d5a00000)
 Metaspace       used 71627K, committed 73024K, reserved 1114112K
  class space    used 7378K, committed 8000K, reserved 1048576K
}
Event: 553.890 GC heap after
{Heap after GC invocations=286 (full 12):
 PSYoungGen      total 58880K, used 9710K [0x00000000eab00000, 0x00000000f3d00000, 0x0000000100000000)
  eden space 49152K, 0% used [0x00000000eab00000,0x00000000eab00000,0x00000000edb00000)
  from space 9728K, 99% used [0x00000000edb00000,0x00000000ee47b8c0,0x00000000ee480000)
  to   space 47104K, 0% used [0x00000000f0f00000,0x00000000f0f00000,0x00000000f3d00000)
 ParOldGen       total 354304K, used 336732K [0x00000000c0000000, 0x00000000d5a00000, 0x00000000eab00000)
  object space 354304K, 95% used [0x00000000c0000000,0x00000000d48d7080,0x00000000d5a00000)
 Metaspace       used 71627K, committed 73024K, reserved 1114112K
  class space    used 7378K, committed 8000K, reserved 1048576K
}
Event: 553.890 GC heap before
{Heap before GC invocations=287 (full 13):
 PSYoungGen      total 58880K, used 9710K [0x00000000eab00000, 0x00000000f3d00000, 0x0000000100000000)
  eden space 49152K, 0% used [0x00000000eab00000,0x00000000eab00000,0x00000000edb00000)
  from space 9728K, 99% used [0x00000000edb00000,0x00000000ee47b8c0,0x00000000ee480000)
  to   space 47104K, 0% used [0x00000000f0f00000,0x00000000f0f00000,0x00000000f3d00000)
 ParOldGen       total 354304K, used 336732K [0x00000000c0000000, 0x00000000d5a00000, 0x00000000eab00000)
  object space 354304K, 95% used [0x00000000c0000000,0x00000000d48d7080,0x00000000d5a00000)
 Metaspace       used 71627K, committed 73024K, reserved 1114112K
  class space    used 7378K, committed 8000K, reserved 1048576K
}

